<?xml version="1.0" encoding="UTF-8"?>
<!-- Generated by org.testng.reporters.JUnitReportReporter -->
<testsuite hostname="DESKTOP-2GD8KKD" failures="0" tests="1" name="Testscript.TC004" time="19.004" errors="0" timestamp="6 May 2024 05:38:52 GMT">
  <testcase classname="Testscript.TC004" name="test4" time="19.004"/>
</testsuite> <!-- Testscript.TC004 -->
